RUN: {'train': 'data/sst-train.txt', 'dev': 'data/sst-dev.txt', 'test': 'data/sst-test.txt', 'emb_file': None, 'emb_size': 300, 'hid_size': 300, 'hid_layer': 3, 'word_drop': 0.3, 'emb_drop': 0.333, 'hid_drop': 0.333, 'pooling_method': 'avg', 'grad_clip': 5.0, 'max_train_epoch': 5, 'batch_size': 16, 'lrate': 0.005, 'lrate_decay': 0, 'mrate': 0.85, 'log_niter': 100, 'eval_niter': 500, 'model': 'MyCampusID/sst-model.pt', 'dev_output': 'MyCampusID/sst-dev-output.txt', 'test_output': 'MyCampusID/sst-test-output.txt'}
nwords 16583 ntags 5
Epoch 0, iter 100, train set: loss=1.5735, accuracy=0.28 (451/1600), gradient_norm=1.79, params_norm=20.20, time=13.34s
Epoch 0, iter 200, train set: loss=1.5288, accuracy=0.32 (509/1600), gradient_norm=1.88, params_norm=21.47, time=25.72s
Epoch 0, iter 300, train set: loss=1.4986, accuracy=0.34 (544/1600), gradient_norm=5.00, params_norm=22.67, time=38.03s
Epoch 0, iter 400, train set: loss=1.4425, accuracy=0.37 (595/1600), gradient_norm=2.22, params_norm=23.76, time=50.72s
Epoch 0, iter 500, train set: loss=1.4468, accuracy=0.38 (615/1600), gradient_norm=3.71, params_norm=24.75, time=64.87s
Evaluate dev data:
  -Accuracy: 0.3769 (415/1101)
  -Update best model at 500, dev accuracy=0.3769
Saving model to MyCampusID/sst-model.pt
Epoch 1, iter 600, train set: loss=1.3152, accuracy=0.47 (744/1600), gradient_norm=4.98, params_norm=25.92, time=85.49s
Epoch 1, iter 700, train set: loss=1.2256, accuracy=0.49 (784/1600), gradient_norm=3.57, params_norm=27.19, time=98.99s
Epoch 1, iter 800, train set: loss=1.2205, accuracy=0.51 (821/1600), gradient_norm=5.00, params_norm=28.38, time=112.03s
Epoch 1, iter 900, train set: loss=1.2011, accuracy=0.54 (858/1600), gradient_norm=5.00, params_norm=29.44, time=124.94s
Epoch 1, iter 1000, train set: loss=1.2143, accuracy=0.50 (806/1600), gradient_norm=5.00, params_norm=30.47, time=138.15s
Evaluate dev data:
  -Accuracy: 0.3996 (440/1101)
  -Update best model at 1000, dev accuracy=0.3996
Saving model to MyCampusID/sst-model.pt
Epoch 2, iter 1100, train set: loss=1.1640, accuracy=0.55 (872/1600), gradient_norm=5.00, params_norm=31.47, time=157.09s
Epoch 2, iter 1200, train set: loss=1.0196, accuracy=0.64 (1030/1600), gradient_norm=4.95, params_norm=32.57, time=170.65s
Epoch 2, iter 1300, train set: loss=0.9873, accuracy=0.66 (1049/1600), gradient_norm=5.00, params_norm=33.54, time=183.78s
Epoch 2, iter 1400, train set: loss=0.9972, accuracy=0.65 (1037/1600), gradient_norm=5.00, params_norm=34.47, time=197.54s
Epoch 2, iter 1500, train set: loss=0.9615, accuracy=0.67 (1077/1600), gradient_norm=5.00, params_norm=35.35, time=211.85s
Evaluate dev data:
  -Accuracy: 0.3960 (436/1101)
Epoch 2, iter 1600, train set: loss=0.9952, accuracy=0.65 (1042/1600), gradient_norm=5.00, params_norm=36.16, time=233.30s
Epoch 3, iter 1700, train set: loss=0.8333, accuracy=0.76 (1223/1600), gradient_norm=5.00, params_norm=37.08, time=247.11s
Epoch 3, iter 1800, train set: loss=0.8242, accuracy=0.74 (1187/1600), gradient_norm=5.00, params_norm=37.95, time=260.41s
Epoch 3, iter 1900, train set: loss=0.8147, accuracy=0.76 (1210/1600), gradient_norm=5.00, params_norm=38.76, time=274.22s
Epoch 3, iter 2000, train set: loss=0.8326, accuracy=0.74 (1178/1600), gradient_norm=5.00, params_norm=39.57, time=288.77s
Evaluate dev data:
  -Accuracy: 0.3842 (423/1101)
Epoch 3, iter 2100, train set: loss=0.8204, accuracy=0.72 (1155/1600), gradient_norm=5.00, params_norm=40.35, time=307.83s
Epoch 4, iter 2200, train set: loss=0.7345, accuracy=0.79 (1258/1600), gradient_norm=5.00, params_norm=41.10, time=321.48s
Epoch 4, iter 2300, train set: loss=0.6911, accuracy=0.81 (1292/1600), gradient_norm=5.00, params_norm=41.83, time=334.70s
Epoch 4, iter 2400, train set: loss=0.6770, accuracy=0.81 (1299/1600), gradient_norm=5.00, params_norm=42.61, time=351.06s
Epoch 4, iter 2500, train set: loss=0.7066, accuracy=0.80 (1278/1600), gradient_norm=5.00, params_norm=43.30, time=366.62s
Evaluate dev data:
  -Accuracy: 0.3896 (429/1101)
Epoch 4, iter 2600, train set: loss=0.6673, accuracy=0.81 (1298/1600), gradient_norm=5.00, params_norm=43.99, time=384.45s
Loading model from MyCampusID/sst-model.pt
  -Accuracy: 0.4186 (925/2210)
  -Save predictions to MyCampusID/sst-test-output.txt
  -Accuracy: 0.3996 (440/1101)
  -Save predictions to MyCampusID/sst-dev-output.txt
RUN: {'train': 'data/cfimdb-train.txt', 'dev': 'data/cfimdb-dev.txt', 'test': 'data/cfimdb-test.txt', 'emb_file': None, 'emb_size': 300, 'hid_size': 300, 'hid_layer': 3, 'word_drop': 0.3, 'emb_drop': 0.333, 'hid_drop': 0.333, 'pooling_method': 'avg', 'grad_clip': 5.0, 'max_train_epoch': 5, 'batch_size': 16, 'lrate': 0.005, 'lrate_decay': 0, 'mrate': 0.85, 'log_niter': 100, 'eval_niter': 500, 'model': 'MyCampusID/cfimdb-model.pt', 'dev_output': 'MyCampusID/cfimdb-dev-output.txt', 'test_output': 'MyCampusID/cfimdb-test-output.txt'}
nwords 20776 ntags 2
Epoch 0, iter 100, train set: loss=0.6845, accuracy=0.70 (1118/1600), gradient_norm=4.32, params_norm=23.81, time=24.19s
Epoch 1, iter 200, train set: loss=0.1793, accuracy=0.94 (1503/1595), gradient_norm=1.24, params_norm=26.39, time=51.02s
Epoch 2, iter 300, train set: loss=0.0877, accuracy=0.97 (1553/1595), gradient_norm=5.00, params_norm=28.26, time=77.94s
Epoch 3, iter 400, train set: loss=0.0456, accuracy=0.99 (1577/1595), gradient_norm=2.44, params_norm=29.67, time=104.90s
Epoch 4, iter 500, train set: loss=0.0245, accuracy=1.00 (1589/1595), gradient_norm=0.71, params_norm=30.69, time=130.88s
Evaluate dev data:
  -Accuracy: 0.9265 (227/245)
  -Update best model at 500, dev accuracy=0.9265
Saving model to MyCampusID/cfimdb-model.pt
Loading model from MyCampusID/cfimdb-model.pt
  -Accuracy: 0.5287 (258/488)
  -Save predictions to MyCampusID/cfimdb-test-output.txt
  -Accuracy: 0.9265 (227/245)
  -Save predictions to MyCampusID/cfimdb-dev-output.txt
Submission zip file created from DIR=MyCampusID for MyCampusID: MyCampusID.zip
Read zipfile MyCampusID.zip:
File Name                                             Modified             Size
MyCampusID/sst-test-output.txt                 2022-02-28 01:01:22         4420
MyCampusID/vocab.py                            2022-02-28 01:03:58         1713
MyCampusID/main.py                             2022-02-28 01:03:58         8582
MyCampusID/cfimdb-dev-output.txt               2022-02-28 01:03:58          490
MyCampusID/sst-dev-output.txt                  2022-02-28 01:01:26         2202
MyCampusID/model.py                            2022-02-28 01:03:58         3119
MyCampusID/cfimdb-test-output.txt              2022-02-28 01:03:56          976
#--
Read zipfile MyCampusID.zip, please check that your 10-digit campus id is: MyCampusID
And it contains the following files: ['cfimdb-dev-output.txt', 'cfimdb-test-output.txt', 'main.py', 'model.py', 'sst-dev-output.txt', 'sst-test-output.txt', 'vocab.py']
